<?xml version="1.0" encoding="UTF-8"?>
<testsuite xmlns:xsi="http://www.w3.org/2001/XMLSchema-instance" xsi:noNamespaceSchemaLocation="https://maven.apache.org/surefire/maven-surefire-plugin/xsd/surefire-test-report.xsd" name="dummy feature 6" time="6.129" tests="6" errors="0" skipped="3" failures="0">
  <properties>
[...]
</properties>
  <testcase name="Verify if items are returned successfully" classname="dummy feature 6" time="0">
    <skipped message="assumption was not met due to: [selenium grid reachable] expected:&lt;[tru]e&gt; but was:&lt;[fals]e&gt;"/>
    <system-out><![CDATA[
@API1 @API2 @API3 @api @abhijeet
Scenario Outline: Verify if items are returned successfully                                             # features/service-features/simplekart6.feature:24
com.expleoautomation.commons.TestDataHolder DEBUG - recording the test data key: ENVIRONMENT with the value: uat
com.expleoautomation.commons.TestDataHolder DEBUG - record: ENVIRONMENT = uat
com.expleoautomation.stepdefinitions.startandcleansteps.StartAndCleanSteps DEBUG - Environment: uat
com.expleoautomation.stepdefinitions.startandcleansteps.SharedBrowserSteps DEBUG - starting chrome as headless
com.expleoautomation.stepdefinitions.startandcleansteps.SharedBrowserSteps DEBUG - starting chrome as headless
      org.junit.AssumptionViolatedException: assumption was not met due to: [selenium grid reachable] expected:<[tru]e> but was:<[fals]e>
	at java.base/jdk.internal.reflect.NativeConstructorAccessorImpl.newInstance0(Native Method)
	at java.base/jdk.internal.reflect.NativeConstructorAccessorImpl.newInstance(NativeConstructorAccessorImpl.java:77)
	at java.base/jdk.internal.reflect.DelegatingConstructorAccessorImpl.newInstance(DelegatingConstructorAccessorImpl.java:45)
	at java.base/java.lang.reflect.Constructor.newInstanceWithCaller(Constructor.java:499)
	at java.base/java.lang.reflect.Constructor.newInstance(Constructor.java:480)
	at org.assertj.core.api.Assumptions.assumptionNotMet(Assumptions.java:1206)
	at org.assertj.core.api.Assumptions.assumptionNotMet(Assumptions.java:1184)
	at org.assertj.core.api.Assumptions.access$100(Assumptions.java:93)
	at org.assertj.core.api.Assumptions$AssumptionMethodInterceptor.intercept(Assumptions.java:117)
	at org.assertj.core.api.BooleanAssert$ByteBuddy$RjakGevs.isEqualTo(Unknown Source)
	at org.assertj.core.api.BooleanAssert$ByteBuddy$RjakGevs.isEqualTo(Unknown Source)
	at org.assertj.core.api.AbstractBooleanAssert.isTrue(AbstractBooleanAssert.java:59)
	at org.assertj.core.api.BooleanAssert$ByteBuddy$RjakGevs.isTrue$accessor$f31y017g(Unknown Source)
	at org.assertj.core.api.BooleanAssert$ByteBuddy$RjakGevs$Assertj$Assumptions$wXHguIpX.call(Unknown Source)
	at org.assertj.core.api.Assumptions$AssumptionMethodInterceptor.intercept(Assumptions.java:111)
	at org.assertj.core.api.BooleanAssert$ByteBuddy$RjakGevs.isTrue(Unknown Source)
	at org.assertj.core.api.BooleanAssert$ByteBuddy$RjakGevs.isTrue(Unknown Source)
	at com.expleoautomation.utils.SeleniumDriverProvider.getRemoteWebDriver(SeleniumDriverProvider.java:101)
	at com.expleoautomation.utils.SeleniumDriverProvider.getWebDriver(SeleniumDriverProvider.java:62)
	at com.expleoautomation.stepdefinitions.startandcleansteps.SharedBrowserSteps.startHeadlessChromeForCookiesRetriev(SharedBrowserSteps.java:148)
	at com.expleoautomation.stepdefinitions.startandcleansteps.StartAndCleanSteps.configureRestAssuredSessionAndBaseUri(StartAndCleanSteps.java:74)
	at com.expleoautomation.stepdefinitions.startandcleansteps.StartAndCleanSteps.configureRestAssured(StartAndCleanSteps.java:120)
Caused by: org.junit.ComparisonFailure: [selenium grid reachable] expected:<[tru]e> but was:<[fals]e>
	at java.base/jdk.internal.reflect.NativeConstructorAccessorImpl.newInstance0(Native Method)
	at java.base/jdk.internal.reflect.NativeConstructorAccessorImpl.newInstance(NativeConstructorAccessorImpl.java:77)
	at java.base/jdk.internal.reflect.DelegatingConstructorAccessorImpl.newInstance(DelegatingConstructorAccessorImpl.java:45)
	at java.base/java.lang.reflect.Constructor.newInstanceWithCaller(Constructor.java:499)
	at com.expleoautomation.utils.SeleniumDriverProvider.getRemoteWebDriver(SeleniumDriverProvider.java:101)
	at com.expleoautomation.utils.SeleniumDriverProvider.getWebDriver(SeleniumDriverProvider.java:62)
	at com.expleoautomation.stepdefinitions.startandcleansteps.SharedBrowserSteps.startHeadlessChromeForCookiesRetriev(SharedBrowserSteps.java:148)
	at com.expleoautomation.stepdefinitions.startandcleansteps.StartAndCleanSteps.configureRestAssuredSessionAndBaseUri(StartAndCleanSteps.java:74)
	at com.expleoautomation.stepdefinitions.startandcleansteps.StartAndCleanSteps.configureRestAssured(StartAndCleanSteps.java:120)
	at java.base/jdk.internal.reflect.NativeMethodAccessorImpl.invoke0(Native Method)
	at java.base/jdk.internal.reflect.NativeMethodAccessorImpl.invoke(NativeMethodAccessorImpl.java:77)
	at java.base/jdk.internal.reflect.DelegatingMethodAccessorImpl.invoke(DelegatingMethodAccessorImpl.java:43)
	at java.base/java.lang.reflect.Method.invoke(Method.java:568)
	at io.cucumber.java.Invoker.invoke(Invoker.java:27)
	at io.cucumber.java.JavaHookDefinition.execute(JavaHookDefinition.java:61)
	at io.cucumber.core.runner.CoreHookDefinition.execute(CoreHookDefinition.java:31)
	at io.cucumber.core.runner.HookDefinitionMatch.runStep(HookDefinitionMatch.java:20)
	at io.cucumber.core.runner.TestStep.executeStep(TestStep.java:64)
	at io.cucumber.core.runner.TestStep.run(TestStep.java:49)
	at io.cucumber.core.runner.TestCase.run(TestCase.java:47)
	at io.cucumber.core.runner.Runner.runPickle(Runner.java:67)
	at io.cucumber.junit.PickleRunners$NoStepDescriptions.run(PickleRunners.java:149)
	at io.cucumber.junit.FeatureRunner.runChild(FeatureRunner.java:83)
	at io.cucumber.junit.FeatureRunner.runChild(FeatureRunner.java:24)
	at org.junit.runners.ParentRunner$3.run(ParentRunner.java:290)
	at org.junit.runners.ParentRunner$1.schedule(ParentRunner.java:71)
	at org.junit.runners.ParentRunner.runChildren(ParentRunner.java:288)
	at org.junit.runners.ParentRunner.access$000(ParentRunner.java:58)
	at org.junit.runners.ParentRunner$2.evaluate(ParentRunner.java:268)
	at org.junit.runners.ParentRunner.run(ParentRunner.java:363)
	at io.cucumber.junit.Cucumber.runChild(Cucumber.java:185)
	at io.cucumber.junit.Cucumber.runChild(Cucumber.java:83)
	at org.junit.runners.ParentRunner$3.run(ParentRunner.java:290)
	at org.apache.maven.surefire.junitcore.pc.Scheduler$1.run(Scheduler.java:410)
	at java.base/java.util.concurrent.Executors$RunnableAdapter.call(Executors.java:539)
	at java.base/java.util.concurrent.FutureTask.run(FutureTask.java:264)
	at java.base/java.util.concurrent.ThreadPoolExecutor.runWorker(ThreadPoolExecutor.java:1136)
	at java.base/java.util.concurrent.ThreadPoolExecutor$Worker.run(ThreadPoolExecutor.java:635)
	at java.base/java.lang.Thread.run(Thread.java:833)

  Given user access the "simpleKart" BaseUrl                                                            # com.expleoautomation.stepdefinitions.ServiceLayerSteps.user_access_the_BaseUrl(java.lang.String)
  And the status line in response body is "HTTP/1.1 200 OK"                                             # com.expleoautomation.stepdefinitions.ServiceLayerSteps.the_status_line_in_response_body_is(java.lang.String)
  When user calls "simpleKartItemsAPI" with "GET" http request using the query parameter "list" as "10" # com.expleoautomation.stepdefinitions.ServiceLayerSteps.user_calls_with_http_request_using_the_query_parameter(java.lang.String,java.lang.String,java.lang.String,java.lang.String)
  And the status line in response body is "HTTP/1.1 200 OK"                                             # com.expleoautomation.stepdefinitions.ServiceLayerSteps.the_status_line_in_response_body_is(java.lang.String)
  Then the API call is success with status code 200                                                     # com.expleoautomation.stepdefinitions.ServiceLayerSteps.the_API_call_is_success_with_status_code(int)
  And the status line in response body is "HTTP/1.1 200 OK"                                             # com.expleoautomation.stepdefinitions.ServiceLayerSteps.the_status_line_in_response_body_is(java.lang.String)
  And the content type of response is "application/json; charset=utf-8"                                 # com.expleoautomation.stepdefinitions.ServiceLayerSteps.the_content_type_of_response_is(java.lang.String)
com.expleoautomation.stepdefinitions.startandcleansteps.StartAndCleanSteps DEBUG - End of test scenario: Verify if items are returned successfully
com.expleoautomation.stepdefinitions.startandcleansteps.StartAndCleanSteps DEBUG - End of test scenario: Verify if items are returned successfully
com.expleoautomation.stepdefinitions.startandcleansteps.SharedBrowserSteps DEBUG - take screenshot after scenario: Verify if items are returned successfully
]]></system-out>
  </testcase>
  <testcase name="Verify if items are returned successfully" classname="dummy feature 6" time="0">
    <skipped message="assumption was not met due to: expected:&lt;[tru]e&gt; but was:&lt;[fals]e&gt;"/>
    <system-out><![CDATA[
@API1 @API2 @API3 @api @abhijeet
Scenario Outline: Verify if items are returned successfully                                             # features/service-features/simplekart6.feature:25
com.expleoautomation.stepdefinitions.startandcleansteps.StartAndCleanSteps DEBUG - Environment: uat
com.expleoautomation.stepdefinitions.startandcleansteps.SharedBrowserSteps DEBUG - starting chrome as headless
      org.junit.AssumptionViolatedException: assumption was not met due to: expected:<[tru]e> but was:<[fals]e>
	at java.base/jdk.internal.reflect.NativeConstructorAccessorImpl.newInstance0(Native Method)
	at java.base/jdk.internal.reflect.NativeConstructorAccessorImpl.newInstance(NativeConstructorAccessorImpl.java:77)
	at java.base/jdk.internal.reflect.DelegatingConstructorAccessorImpl.newInstance(DelegatingConstructorAccessorImpl.java:45)
	at java.base/java.lang.reflect.Constructor.newInstanceWithCaller(Constructor.java:499)
	at java.base/java.lang.reflect.Constructor.newInstance(Constructor.java:480)
	at org.assertj.core.api.Assumptions.assumptionNotMet(Assumptions.java:1206)
	at org.assertj.core.api.Assumptions.assumptionNotMet(Assumptions.java:1184)
	at org.assertj.core.api.Assumptions.access$100(Assumptions.java:93)
	at org.assertj.core.api.Assumptions$AssumptionMethodInterceptor.intercept(Assumptions.java:117)
	at org.assertj.core.api.BooleanAssert$ByteBuddy$RjakGevs.isEqualTo(Unknown Source)
	at org.assertj.core.api.BooleanAssert$ByteBuddy$RjakGevs.isEqualTo(Unknown Source)
	at org.assertj.core.api.AbstractBooleanAssert.isTrue(AbstractBooleanAssert.java:59)
	at org.assertj.core.api.BooleanAssert$ByteBuddy$RjakGevs.isTrue$accessor$f31y017g(Unknown Source)
	at org.assertj.core.api.BooleanAssert$ByteBuddy$RjakGevs$Assertj$Assumptions$wXHguIpX.call(Unknown Source)
	at org.assertj.core.api.Assumptions$AssumptionMethodInterceptor.intercept(Assumptions.java:111)
	at org.assertj.core.api.BooleanAssert$ByteBuddy$RjakGevs.isTrue(Unknown Source)
	at org.assertj.core.api.BooleanAssert$ByteBuddy$RjakGevs.isTrue(Unknown Source)
	at com.expleoautomation.utils.SeleniumDriverProvider.getRemoteWebDriver(SeleniumDriverProvider.java:94)
	at com.expleoautomation.utils.SeleniumDriverProvider.getWebDriver(SeleniumDriverProvider.java:62)
	at com.expleoautomation.stepdefinitions.startandcleansteps.SharedBrowserSteps.startHeadlessChromeForCookiesRetriev(SharedBrowserSteps.java:148)
	at com.expleoautomation.stepdefinitions.startandcleansteps.StartAndCleanSteps.configureRestAssuredSessionAndBaseUri(StartAndCleanSteps.java:74)
	at com.expleoautomation.stepdefinitions.startandcleansteps.StartAndCleanSteps.configureRestAssured(StartAndCleanSteps.java:120)
Caused by: org.junit.ComparisonFailure: expected:<[tru]e> but was:<[fals]e>
	at java.base/jdk.internal.reflect.NativeConstructorAccessorImpl.newInstance0(Native Method)
	at java.base/jdk.internal.reflect.NativeConstructorAccessorImpl.newInstance(NativeConstructorAccessorImpl.java:77)
	at java.base/jdk.internal.reflect.DelegatingConstructorAccessorImpl.newInstance(DelegatingConstructorAccessorImpl.java:45)
	at java.base/java.lang.reflect.Constructor.newInstanceWithCaller(Constructor.java:499)
	at com.expleoautomation.utils.SeleniumDriverProvider.getRemoteWebDriver(SeleniumDriverProvider.java:94)
	at com.expleoautomation.utils.SeleniumDriverProvider.getWebDriver(SeleniumDriverProvider.java:62)
	at com.expleoautomation.stepdefinitions.startandcleansteps.SharedBrowserSteps.startHeadlessChromeForCookiesRetriev(SharedBrowserSteps.java:148)
	at com.expleoautomation.stepdefinitions.startandcleansteps.StartAndCleanSteps.configureRestAssuredSessionAndBaseUri(StartAndCleanSteps.java:74)
	at com.expleoautomation.stepdefinitions.startandcleansteps.StartAndCleanSteps.configureRestAssured(StartAndCleanSteps.java:120)
	at java.base/jdk.internal.reflect.NativeMethodAccessorImpl.invoke0(Native Method)
	at java.base/jdk.internal.reflect.NativeMethodAccessorImpl.invoke(NativeMethodAccessorImpl.java:77)
	at java.base/jdk.internal.reflect.DelegatingMethodAccessorImpl.invoke(DelegatingMethodAccessorImpl.java:43)
	at java.base/java.lang.reflect.Method.invoke(Method.java:568)
	at io.cucumber.java.Invoker.invoke(Invoker.java:27)
	at io.cucumber.java.JavaHookDefinition.execute(JavaHookDefinition.java:61)
	at io.cucumber.core.runner.CoreHookDefinition.execute(CoreHookDefinition.java:31)
	at io.cucumber.core.runner.HookDefinitionMatch.runStep(HookDefinitionMatch.java:20)
	at io.cucumber.core.runner.TestStep.executeStep(TestStep.java:64)
	at io.cucumber.core.runner.TestStep.run(TestStep.java:49)
	at io.cucumber.core.runner.TestCase.run(TestCase.java:47)
	at io.cucumber.core.runner.Runner.runPickle(Runner.java:67)
	at io.cucumber.junit.PickleRunners$NoStepDescriptions.run(PickleRunners.java:149)
	at io.cucumber.junit.FeatureRunner.runChild(FeatureRunner.java:83)
	at io.cucumber.junit.FeatureRunner.runChild(FeatureRunner.java:24)
	at org.junit.runners.ParentRunner$3.run(ParentRunner.java:290)
	at org.junit.runners.ParentRunner$1.schedule(ParentRunner.java:71)
	at org.junit.runners.ParentRunner.runChildren(ParentRunner.java:288)
	at org.junit.runners.ParentRunner.access$000(ParentRunner.java:58)
	at org.junit.runners.ParentRunner$2.evaluate(ParentRunner.java:268)
	at org.junit.runners.ParentRunner.run(ParentRunner.java:363)
	at io.cucumber.junit.Cucumber.runChild(Cucumber.java:185)
	at io.cucumber.junit.Cucumber.runChild(Cucumber.java:83)
	at org.junit.runners.ParentRunner$3.run(ParentRunner.java:290)
	at org.apache.maven.surefire.junitcore.pc.Scheduler$1.run(Scheduler.java:410)
	at java.base/java.util.concurrent.Executors$RunnableAdapter.call(Executors.java:539)
	at java.base/java.util.concurrent.FutureTask.run(FutureTask.java:264)
	at java.base/java.util.concurrent.ThreadPoolExecutor.runWorker(ThreadPoolExecutor.java:1136)
	at java.base/java.util.concurrent.ThreadPoolExecutor$Worker.run(ThreadPoolExecutor.java:635)
	at java.base/java.lang.Thread.run(Thread.java:833)

  Given user access the "simpleKart" BaseUrl                                                            # com.expleoautomation.stepdefinitions.ServiceLayerSteps.user_access_the_BaseUrl(java.lang.String)
  And the status line in response body is "HTTP/1.1 200 OK"                                             # com.expleoautomation.stepdefinitions.ServiceLayerSteps.the_status_line_in_response_body_is(java.lang.String)
  When user calls "simpleKartItemsAPI" with "GET" http request using the query parameter "list" as "-1" # com.expleoautomation.stepdefinitions.ServiceLayerSteps.user_calls_with_http_request_using_the_query_parameter(java.lang.String,java.lang.String,java.lang.String,java.lang.String)
  And the status line in response body is "HTTP/1.1 200 OK"                                             # com.expleoautomation.stepdefinitions.ServiceLayerSteps.the_status_line_in_response_body_is(java.lang.String)
  Then the API call is success with status code 200                                                     # com.expleoautomation.stepdefinitions.ServiceLayerSteps.the_API_call_is_success_with_status_code(int)
  And the status line in response body is "HTTP/1.1 200 OK"                                             # com.expleoautomation.stepdefinitions.ServiceLayerSteps.the_status_line_in_response_body_is(java.lang.String)
  And the content type of response is "application/json; charset=utf-8"                                 # com.expleoautomation.stepdefinitions.ServiceLayerSteps.the_content_type_of_response_is(java.lang.String)
com.expleoautomation.stepdefinitions.startandcleansteps.StartAndCleanSteps DEBUG - End of test scenario: Verify if items are returned successfully
com.expleoautomation.stepdefinitions.startandcleansteps.StartAndCleanSteps DEBUG - End of test scenario: Verify if items are returned successfully
com.expleoautomation.stepdefinitions.startandcleansteps.SharedBrowserSteps DEBUG - take screenshot after scenario: Verify if items are returned successfully
]]></system-out>
  </testcase>
  <testcase name="Verify if items are returned successfully" classname="dummy feature 6" time="0">
    <skipped message="assumption was not met due to: expected:&lt;[tru]e&gt; but was:&lt;[fals]e&gt;"/>
    <system-out><![CDATA[
@API1 @API2 @API3 @api @abhijeet
Scenario Outline: Verify if items are returned successfully                                               # features/service-features/simplekart6.feature:26
com.expleoautomation.stepdefinitions.startandcleansteps.StartAndCleanSteps DEBUG - Environment: uat
com.expleoautomation.stepdefinitions.startandcleansteps.SharedBrowserSteps DEBUG - starting chrome as headless
      org.junit.AssumptionViolatedException: assumption was not met due to: expected:<[tru]e> but was:<[fals]e>
	at jdk.internal.reflect.GeneratedConstructorAccessor34.newInstance(Unknown Source)
	at java.base/jdk.internal.reflect.DelegatingConstructorAccessorImpl.newInstance(DelegatingConstructorAccessorImpl.java:45)
	at java.base/java.lang.reflect.Constructor.newInstanceWithCaller(Constructor.java:499)
	at java.base/java.lang.reflect.Constructor.newInstance(Constructor.java:480)
	at org.assertj.core.api.Assumptions.assumptionNotMet(Assumptions.java:1206)
	at org.assertj.core.api.Assumptions.assumptionNotMet(Assumptions.java:1184)
	at org.assertj.core.api.Assumptions.access$100(Assumptions.java:93)
	at org.assertj.core.api.Assumptions$AssumptionMethodInterceptor.intercept(Assumptions.java:117)
	at org.assertj.core.api.BooleanAssert$ByteBuddy$RjakGevs.isEqualTo(Unknown Source)
	at org.assertj.core.api.BooleanAssert$ByteBuddy$RjakGevs.isEqualTo(Unknown Source)
	at org.assertj.core.api.AbstractBooleanAssert.isTrue(AbstractBooleanAssert.java:59)
	at org.assertj.core.api.BooleanAssert$ByteBuddy$RjakGevs.isTrue$accessor$f31y017g(Unknown Source)
	at org.assertj.core.api.BooleanAssert$ByteBuddy$RjakGevs$Assertj$Assumptions$wXHguIpX.call(Unknown Source)
	at org.assertj.core.api.Assumptions$AssumptionMethodInterceptor.intercept(Assumptions.java:111)
	at org.assertj.core.api.BooleanAssert$ByteBuddy$RjakGevs.isTrue(Unknown Source)
	at org.assertj.core.api.BooleanAssert$ByteBuddy$RjakGevs.isTrue(Unknown Source)
	at com.expleoautomation.utils.SeleniumDriverProvider.getRemoteWebDriver(SeleniumDriverProvider.java:94)
	at com.expleoautomation.utils.SeleniumDriverProvider.getWebDriver(SeleniumDriverProvider.java:62)
	at com.expleoautomation.stepdefinitions.startandcleansteps.SharedBrowserSteps.startHeadlessChromeForCookiesRetriev(SharedBrowserSteps.java:148)
	at com.expleoautomation.stepdefinitions.startandcleansteps.StartAndCleanSteps.configureRestAssuredSessionAndBaseUri(StartAndCleanSteps.java:74)
	at com.expleoautomation.stepdefinitions.startandcleansteps.StartAndCleanSteps.configureRestAssured(StartAndCleanSteps.java:120)
Caused by: org.junit.ComparisonFailure: expected:<[tru]e> but was:<[fals]e>
	at jdk.internal.reflect.GeneratedConstructorAccessor29.newInstance(Unknown Source)
	at java.base/jdk.internal.reflect.DelegatingConstructorAccessorImpl.newInstance(DelegatingConstructorAccessorImpl.java:45)
	at java.base/java.lang.reflect.Constructor.newInstanceWithCaller(Constructor.java:499)
	at com.expleoautomation.utils.SeleniumDriverProvider.getRemoteWebDriver(SeleniumDriverProvider.java:94)
	at com.expleoautomation.utils.SeleniumDriverProvider.getWebDriver(SeleniumDriverProvider.java:62)
	at com.expleoautomation.stepdefinitions.startandcleansteps.SharedBrowserSteps.startHeadlessChromeForCookiesRetriev(SharedBrowserSteps.java:148)
	at com.expleoautomation.stepdefinitions.startandcleansteps.StartAndCleanSteps.configureRestAssuredSessionAndBaseUri(StartAndCleanSteps.java:74)
	at com.expleoautomation.stepdefinitions.startandcleansteps.StartAndCleanSteps.configureRestAssured(StartAndCleanSteps.java:120)
	at java.base/jdk.internal.reflect.NativeMethodAccessorImpl.invoke0(Native Method)
	at java.base/jdk.internal.reflect.NativeMethodAccessorImpl.invoke(NativeMethodAccessorImpl.java:77)
	at java.base/jdk.internal.reflect.DelegatingMethodAccessorImpl.invoke(DelegatingMethodAccessorImpl.java:43)
	at java.base/java.lang.reflect.Method.invoke(Method.java:568)
	at io.cucumber.java.Invoker.invoke(Invoker.java:27)
	at io.cucumber.java.JavaHookDefinition.execute(JavaHookDefinition.java:61)
	at io.cucumber.core.runner.CoreHookDefinition.execute(CoreHookDefinition.java:31)
	at io.cucumber.core.runner.HookDefinitionMatch.runStep(HookDefinitionMatch.java:20)
	at io.cucumber.core.runner.TestStep.executeStep(TestStep.java:64)
	at io.cucumber.core.runner.TestStep.run(TestStep.java:49)
	at io.cucumber.core.runner.TestCase.run(TestCase.java:47)
	at io.cucumber.core.runner.Runner.runPickle(Runner.java:67)
	at io.cucumber.junit.PickleRunners$NoStepDescriptions.run(PickleRunners.java:149)
	at io.cucumber.junit.FeatureRunner.runChild(FeatureRunner.java:83)
	at io.cucumber.junit.FeatureRunner.runChild(FeatureRunner.java:24)
	at org.junit.runners.ParentRunner$3.run(ParentRunner.java:290)
	at org.junit.runners.ParentRunner$1.schedule(ParentRunner.java:71)
	at org.junit.runners.ParentRunner.runChildren(ParentRunner.java:288)
	at org.junit.runners.ParentRunner.access$000(ParentRunner.java:58)
	at org.junit.runners.ParentRunner$2.evaluate(ParentRunner.java:268)
	at org.junit.runners.ParentRunner.run(ParentRunner.java:363)
	at io.cucumber.junit.Cucumber.runChild(Cucumber.java:185)
	at io.cucumber.junit.Cucumber.runChild(Cucumber.java:83)
	at org.junit.runners.ParentRunner$3.run(ParentRunner.java:290)
	at org.apache.maven.surefire.junitcore.pc.Scheduler$1.run(Scheduler.java:410)
	at java.base/java.util.concurrent.Executors$RunnableAdapter.call(Executors.java:539)
	at java.base/java.util.concurrent.FutureTask.run(FutureTask.java:264)
	at java.base/java.util.concurrent.ThreadPoolExecutor.runWorker(ThreadPoolExecutor.java:1136)
	at java.base/java.util.concurrent.ThreadPoolExecutor$Worker.run(ThreadPoolExecutor.java:635)
	at java.base/java.lang.Thread.run(Thread.java:833)

  Given user access the "simpleKart" BaseUrl                                                              # com.expleoautomation.stepdefinitions.ServiceLayerSteps.user_access_the_BaseUrl(java.lang.String)
  And the status line in response body is "HTTP/1.1 200 OK"                                               # com.expleoautomation.stepdefinitions.ServiceLayerSteps.the_status_line_in_response_body_is(java.lang.String)
  When user calls "simpleKartItemsAPI" with "GET" http request using the query parameter "list" as "9899" # com.expleoautomation.stepdefinitions.ServiceLayerSteps.user_calls_with_http_request_using_the_query_parameter(java.lang.String,java.lang.String,java.lang.String,java.lang.String)
  And the status line in response body is "HTTP/1.1 200 OK"                                               # com.expleoautomation.stepdefinitions.ServiceLayerSteps.the_status_line_in_response_body_is(java.lang.String)
  Then the API call is success with status code 200                                                       # com.expleoautomation.stepdefinitions.ServiceLayerSteps.the_API_call_is_success_with_status_code(int)
  And the status line in response body is "HTTP/1.1 200 OK"                                               # com.expleoautomation.stepdefinitions.ServiceLayerSteps.the_status_line_in_response_body_is(java.lang.String)
  And the content type of response is "application/json; charset=utf-8"                                   # com.expleoautomation.stepdefinitions.ServiceLayerSteps.the_content_type_of_response_is(java.lang.String)
com.expleoautomation.stepdefinitions.startandcleansteps.StartAndCleanSteps DEBUG - End of test scenario: Verify if items are returned successfully
com.expleoautomation.stepdefinitions.startandcleansteps.StartAndCleanSteps DEBUG - End of test scenario: Verify if items are returned successfully
com.expleoautomation.stepdefinitions.startandcleansteps.SharedBrowserSteps DEBUG - take screenshot after scenario: Verify if items are returned successfully
]]></system-out>
  </testcase>
  <testcase name="Verify if items details are returned successfully  for a given itemID" classname="dummy feature 6" time="2.109"/>
  <testcase name="Verify if order details are returned successfully  for a given orderid" classname="dummy feature 6" time="0.629"/>
  <testcase name="Validate if order is created for the given orderid" classname="dummy feature 6" time="1.007"/>
</testsuite>